C51 COMPILER V9.01   BEEP                                                                  03/20/2019 11:22:04 PAGE 1   


C51 COMPILER V9.01, COMPILATION OF MODULE BEEP
OBJECT MODULE PLACED IN ..\OBJ\beep.obj
COMPILER INVOKED BY: C:\Keil\C51\BIN\C51.EXE ..\src\beep.c LARGE BROWSE FLOATFUZZY(4) INCDIR(..\include;C:\Keil\C51\INC\
                    -STC) DEBUG OBJECTEXTEND PRINT(.\beep.lst) OBJECT(..\OBJ\beep.obj)

line level    source

   1           //**--------------头文件-------------------------------------------------------
   2          #include "STC8.h"
   3          #include "intrins.h"
   4          
   5          #include <stdio.h>
   6          #include <string.h>
   7          
   8          #include "userdefine.h" 
   9          
  10          //**--------------全局变量-----------------------------------------------------
  11          
  12          //**--------------函数申明-----------------------------------------------------
  13          
  14          //**--------------函数定义-----------------------------------------------------
  15          
  16          
  17          
  18          
  19          
  20          unsigned char beep_delay_time_count=0x00;
  21          
  22          
  23          /**********************************************************************
  24          *函数名称：init_beep
  25          *描述：蜂鸣器
  26          *返回类型：void
  27          *输入形参：void
  28          ***********************************************************************/
  29          void init_beep(void)
  30          {
  31   1              set_io_mode(PORT1,2,STAND);     //P1.2  双向端口 LED1
  32   1              
  33   1              BEEP_OFF;   //关闭
  34   1      }
  35          
  36          
  37          /**********************************************************************
  38          *函数名称：BEEP_SPEAK
  39          *描述：蜂鸣器
  40          *返回类型：void
  41          *输入形参：void
  42          ***********************************************************************/
  43          void BEEP_SPEAK(void)
  44          {
  45   1         unsigned int i=0;
  46   1      
  47   1         BEEP_ON;
  48   1         
  49   1         beep_delay_time_count=50;   //利用中断产生延迟效果 20ms
  50   1      
  51   1      }
  52          
  53          
  54          
C51 COMPILER V9.01   BEEP                                                                  03/20/2019 11:22:04 PAGE 2   

  55          
  56          


MODULE INFORMATION:   STATIC OVERLAYABLE
   CODE SIZE        =     28    ----
   CONSTANT SIZE    =   ----    ----
   XDATA SIZE       =      1       2
   PDATA SIZE       =   ----    ----
   DATA SIZE        =   ----    ----
   IDATA SIZE       =   ----    ----
   BIT SIZE         =   ----    ----
END OF MODULE INFORMATION.


C51 COMPILATION COMPLETE.  0 WARNING(S),  0 ERROR(S)
