C51 COMPILER V9.01   LED                                                                   03/20/2019 11:22:06 PAGE 1   


C51 COMPILER V9.01, COMPILATION OF MODULE LED
OBJECT MODULE PLACED IN ..\OBJ\led.obj
COMPILER INVOKED BY: C:\Keil\C51\BIN\C51.EXE ..\src\led.c LARGE BROWSE FLOATFUZZY(4) INCDIR(..\include;C:\Keil\C51\INC\S
                    -TC) DEBUG OBJECTEXTEND PRINT(.\led.lst) OBJECT(..\OBJ\led.obj)

line level    source

   1          //**--------------头文件-------------------------------------------------------
   2          #include "STC8.h"
   3          #include "intrins.h"
   4          
   5          #include <stdio.h>
   6          #include <string.h>
   7          
   8          #include "userdefine.h" 
   9          
  10          //**--------------全局变量-----------------------------------------------------
  11          
  12          //**--------------函数申明-----------------------------------------------------
  13          
  14          //**--------------函数定义-----------------------------------------------------
  15          
  16          
  17          
  18          
  19          
  20          
  21          /**********************************************************************
  22          *函数名称：init_led
  23          *描述：指示灯初始化  也为照明LED灯
  24          *返回类型：void
  25          *输入形参：void
  26          ***********************************************************************/
  27          void init_led(void)
  28          {
  29   1              
  30   1              set_io_mode(PORT1,2,STAND);     //P1.2  双向端口 LED1   
  31   1      
  32   1              LED_OFF;
  33   1      
  34   1      }


MODULE INFORMATION:   STATIC OVERLAYABLE
   CODE SIZE        =     12    ----
   CONSTANT SIZE    =   ----    ----
   XDATA SIZE       =   ----    ----
   PDATA SIZE       =   ----    ----
   DATA SIZE        =   ----    ----
   IDATA SIZE       =   ----    ----
   BIT SIZE         =   ----    ----
END OF MODULE INFORMATION.


C51 COMPILATION COMPLETE.  0 WARNING(S),  0 ERROR(S)
