C51 COMPILER V9.01   PWM                                                                   03/20/2019 11:22:07 PAGE 1   


C51 COMPILER V9.01, COMPILATION OF MODULE PWM
OBJECT MODULE PLACED IN ..\OBJ\pwm.obj
COMPILER INVOKED BY: C:\Keil\C51\BIN\C51.EXE ..\src\pwm.c LARGE BROWSE FLOATFUZZY(4) INCDIR(..\include;C:\Keil\C51\INC\S
                    -TC) DEBUG OBJECTEXTEND PRINT(.\pwm.lst) OBJECT(..\OBJ\pwm.obj)

line level    source

   1           
   2          //**--------------头文件-------------------------------------------------------
   3          #include "STC8.h"
   4          #include "intrins.h"
   5          
   6          #include <stdio.h>
   7          #include <string.h>
   8          
   9          #include "userdefine.h" 
  10          
  11          //**--------------全局变量-----------------------------------------------------
  12          
  13          //**--------------函数申明-----------------------------------------------------
  14          
  15          //**--------------函数定义-----------------------------------------------------
  16          
  17          
  18          
  19          
  20          
  21          /**********************************************************************
  22          *函数名称：init_pwm
  23          *描述：PWM7  P2.7    
  24          *返回类型：void
  25          *输入形参：void
  26          ***********************************************************************/
  27          void init_pwm(void)
  28          {
  29   1      
  30   1              
  31   1              //----------------------------红外载波频率38kHz   
  32   1              
  33   1               set_io_mode(PORT2,7,STAND);    //P2.7  双向端口    PWM7   
  34   1      
  35   1               P27 = 0;                                               //PWM IO口输出 低电平
  36   1      
  37   1               P_SW2 |= EAXFR;
  38   1      
  39   1           PWMCKS = 0x00;                             //PWM时钟为系统时钟 24MHZ
  40   1           PWMC   = PWM_MAX_DUTY;                     //设置PWM周期为1200个PWM时钟 24MHZ/624=38.5KHz
  41   1                                                                                                      //PWM7 周期 占空比设置    默认1:3
  42   1           PWM7T1 = 208;                              //在计数值为208H地方输出低电平
  43   1           PWM7T2 = 0;                                //在计数值为0H地方输出高电平
  44   1           PWM7CR |= ENC7O;                           //使能PWM7通道输出
  45   1               PWM7CR |= 0x40;                                                        //输出端口初始电平设为高电平
  46   1      
  47   1      
  48   1           P_SW2 &= ~EAXFR;
  49   1      
  50   1           PWMCR = 0x00;                               //初始化PWM模块时 禁止状态
  51   1              
  52   1      }
  53          
  54          /**********************************************************************
C51 COMPILER V9.01   PWM                                                                   03/20/2019 11:22:07 PAGE 2   

  55          *函数名称：Enable_pwm
  56          *描述：
  57          *返回类型：void
  58          *输入形参：void
  59          ***********************************************************************/
  60          void Enable_pwm(void)
  61          {
  62   1              P_SW2 |= EAXFR;
  63   1      
  64   1              PWM7CR |= ENC7O;
  65   1              PWM7CR |= 0x40;                                                 //输出端口初始电平设为高电平
  66   1      
  67   1              P_SW2 &= ~EAXFR;
  68   1      
  69   1              PWMCR |= 0x80;                                                   //启动PWM模块
  70   1              
  71   1      }
  72          
  73          /**********************************************************************
  74          *函数名称：disable_pwm
  75          *描述：
  76          *返回类型：void
  77          *输入形参：void
  78          ***********************************************************************/
  79          void Disable_pwm(void)
  80          {
  81   1              P_SW2 |= EAXFR;
  82   1      
  83   1              PWM7CR &= ~ENC7O;
  84   1              PWM7CR &= ~0x40;                                //输出端口初始电平设为低电平
  85   1      
  86   1              P_SW2 &= ~EAXFR;
  87   1      
  88   1              PWMCR &= ~0x80;                                 //关闭PWM模块
  89   1      
  90   1              set_io_mode(PORT2,7,STAND);         //P2.7  双向端口    PWM7   
  91   1      
  92   1              P27 = 0;                                            //PWM IO口输出 低电平
  93   1      
  94   1      }
  95          
  96          


MODULE INFORMATION:   STATIC OVERLAYABLE
   CODE SIZE        =    112    ----
   CONSTANT SIZE    =   ----    ----
   XDATA SIZE       =   ----    ----
   PDATA SIZE       =   ----    ----
   DATA SIZE        =   ----    ----
   IDATA SIZE       =   ----    ----
   BIT SIZE         =   ----    ----
END OF MODULE INFORMATION.


C51 COMPILATION COMPLETE.  0 WARNING(S),  0 ERROR(S)
